<?xml version="1.0" encoding="UTF-8"?>
<!-- Generated by org.testng.reporters.JUnitReportReporter -->
<testsuite hostname="DESKTOP-U0IOVOL" failures="0" tests="1" name="com.Automation.TestCases.LoginTestHRM" time="6.294" errors="0" timestamp="2021-02-16T22:11:47 IST" skipped="0">
  <testcase classname="com.Automation.TestCases.LoginTestHRM" name="loginApp" time="6.294"/>
  <system-out/>
</testsuite> <!-- com.Automation.TestCases.LoginTestHRM -->
